<?xml version="1.0" encoding="UTF-8"?>
<!-- Generated by org.testng.reporters.JUnitXMLReporter -->
<testsuite ignored="0" hostname="53c0e483bef45c8" failures="0" tests="8" name="Chrome Test" time="36.996" errors="0" timestamp="2026-06-12T16:50:05 IST">
  <testcase classname="tests.SauceDemoTest" name="validLoginWithCSV" time="0.815"/>
  <testcase classname="tests.SauceDemoTest" name="validLoginWithCSV" time="0.496"/>
  <testcase classname="tests.SauceDemoTest" name="validLoginWithCSV" time="5.476"/>
  <testcase classname="tests.SauceDemoTest" name="invalidLoginWithCSV" time="0.465"/>
  <testcase classname="tests.SauceDemoTest" name="invalidLoginWithCSV" time="0.442"/>
  <testcase classname="tests.SauceDemoTest" name="invalidLoginWithCSV" time="0.923"/>
  <testcase classname="tests.SauceDemoTest" name="addToCartTest" time="0.685"/>
  <testcase classname="tests.SauceDemoTest" name="checkoutTest" time="10.176"/>
</testsuite> <!-- Chrome Test -->
