<?xml version="1.0" encoding="UTF-8"?>
<!-- Generated by org.testng.reporters.JUnitReportReporter -->
<testsuite hostname="53c0e483bef45c8" failures="0" tests="8" name="tests.SauceDemoTest" time="38.628" errors="0" timestamp="2026-06-12T16:54:51 IST" skipped="0">
  <testcase classname="tests.SauceDemoTest" name="validLoginWithCSV" time="9.241"/>
  <testcase classname="tests.SauceDemoTest" name="validLoginWithCSV" time="3.562"/>
  <testcase classname="tests.SauceDemoTest" name="validLoginWithCSV" time="3.417"/>
  <testcase classname="tests.SauceDemoTest" name="invalidLoginWithCSV" time="2.827"/>
  <testcase classname="tests.SauceDemoTest" name="invalidLoginWithCSV" time="2.354"/>
  <testcase classname="tests.SauceDemoTest" name="invalidLoginWithCSV" time="2.679"/>
  <testcase classname="tests.SauceDemoTest" name="addToCartTest" time="2.470"/>
  <testcase classname="tests.SauceDemoTest" name="checkoutTest" time="12.078"/>
</testsuite> <!-- tests.SauceDemoTest -->
