<?xml version="1.0" encoding="UTF-8"?>
<!-- Generated by org.testng.reporters.JUnitXMLReporter -->
<testsuite ignored="0" hostname="53c0e483bef45c8" failures="0" tests="8" name="Default test" time="38.768" errors="0" timestamp="2026-06-12T16:54:51 IST">
  <testcase classname="tests.SauceDemoTest" name="validLoginWithCSV" time="1.157"/>
  <testcase classname="tests.SauceDemoTest" name="validLoginWithCSV" time="1.137"/>
  <testcase classname="tests.SauceDemoTest" name="validLoginWithCSV" time="6.17"/>
  <testcase classname="tests.SauceDemoTest" name="invalidLoginWithCSV" time="0.638"/>
  <testcase classname="tests.SauceDemoTest" name="invalidLoginWithCSV" time="0.458"/>
  <testcase classname="tests.SauceDemoTest" name="invalidLoginWithCSV" time="0.434"/>
  <testcase classname="tests.SauceDemoTest" name="addToCartTest" time="0.647"/>
  <testcase classname="tests.SauceDemoTest" name="checkoutTest" time="10.582"/>
</testsuite> <!-- Default test -->
